<?xml version="1.0" encoding="UTF-8"?>
<!-- Generated by org.testng.reporters.JUnitReportReporter -->
<testsuite skipped="0" hostname="RAJESH-PC" name="login" tests="1" failures="0" timestamp="07 Feb 2018 02:10:35 GMT" time="13.436" errors="0">
  <testcase name="Login" time="13.436" classname="login"/>
</testsuite> <!-- login -->
